Started GET "/" for 127.0.0.1 at 2018-02-19 18:21:14 +0100
Processing by Rails::WelcomeController#index as HTML
  Rendering /var/lib/gems/2.3.0/gems/railties-5.1.4/lib/rails/templates/rails/welcome/index.html.erb
  Rendered /var/lib/gems/2.3.0/gems/railties-5.1.4/lib/rails/templates/rails/welcome/index.html.erb (3.1ms)
Completed 200 OK in 354ms (Views: 16.2ms)


Started GET "/" for 127.0.0.1 at 2018-02-19 18:23:10 +0100
Processing by WelcomeController#index as HTML
  Rendering welcome/index.html.erb within layouts/application
  Rendered welcome/index.html.erb within layouts/application (2.2ms)
Completed 200 OK in 5027ms (Views: 5019.2ms)


Started GET "/" for 127.0.0.1 at 2018-02-19 18:23:53 +0100
Processing by WelcomeController#index as HTML
  Rendering welcome/index.html.erb within layouts/application
  Rendered welcome/index.html.erb within layouts/application (2.3ms)
Completed 200 OK in 163ms (Views: 156.5ms)


Started GET "/" for 127.0.0.1 at 2018-02-19 18:25:47 +0100
Processing by WelcomeController#index as HTML
  Rendering welcome/index.html.erb within layouts/application
  Rendered welcome/index.html.erb within layouts/application (4.5ms)
Completed 200 OK in 340ms (Views: 321.8ms)


Started GET "/" for 127.0.0.1 at 2018-02-19 18:25:58 +0100
Processing by WelcomeController#index as HTML
  Rendering welcome/index.html.erb within layouts/application
  Rendered welcome/index.html.erb within layouts/application (2.3ms)
Completed 200 OK in 231ms (Views: 213.0ms)


Started GET "/" for 127.0.0.1 at 2018-02-19 18:26:21 +0100
Processing by WelcomeController#index as HTML
  Rendering welcome/index.html.erb within layouts/application
  Rendered welcome/index.html.erb within layouts/application (1.6ms)
Completed 200 OK in 189ms (Views: 182.0ms)


Started GET "/" for 127.0.0.1 at 2018-02-19 18:26:23 +0100
Processing by WelcomeController#index as HTML
  Rendering welcome/index.html.erb within layouts/application
  Rendered welcome/index.html.erb within layouts/application (2.6ms)
Completed 200 OK in 180ms (Views: 172.8ms)


Started GET "/" for 127.0.0.1 at 2018-02-19 18:29:16 +0100
Processing by WelcomeController#index as HTML
  Rendering welcome/index.html.erb within layouts/application
  Rendered welcome/index.html.erb within layouts/application (2.7ms)
Completed 200 OK in 249ms (Views: 226.4ms)


Started GET "/" for 127.0.0.1 at 2018-02-19 18:29:31 +0100
Processing by WelcomeController#index as HTML
  Rendering welcome/index.html.erb within layouts/application
  Rendered welcome/index.html.erb within layouts/application (1.9ms)
Completed 200 OK in 199ms (Views: 193.8ms)


Started GET "/" for 127.0.0.1 at 2018-02-19 18:29:36 +0100
Processing by WelcomeController#index as HTML
  Rendering welcome/index.html.erb within layouts/application
  Rendered welcome/index.html.erb within layouts/application (2.5ms)
Completed 200 OK in 115ms (Views: 110.1ms)


Started GET "/" for 127.0.0.1 at 2018-02-19 18:29:38 +0100
Processing by WelcomeController#index as HTML
  Rendering welcome/index.html.erb within layouts/application
  Rendered welcome/index.html.erb within layouts/application (2.1ms)
Completed 200 OK in 131ms (Views: 119.4ms)


Started GET "/" for 127.0.0.1 at 2018-02-19 18:31:03 +0100
Processing by WelcomeController#index as HTML
  Rendering welcome/index.html.erb within layouts/application
  Rendered welcome/index.html.erb within layouts/application (2.3ms)
Completed 200 OK in 193ms (Views: 187.3ms)


Started GET "/" for 127.0.0.1 at 2018-02-19 18:35:28 +0100
Processing by WelcomeController#index as HTML
  Rendering welcome/index.html.erb within layouts/application
  Rendered welcome/index.html.erb within layouts/application (1.0ms)
Completed 200 OK in 119ms (Views: 115.4ms)


Started GET "/" for 127.0.0.1 at 2018-02-19 18:35:30 +0100
Processing by WelcomeController#index as HTML
  Rendering welcome/index.html.erb within layouts/application
  Rendered welcome/index.html.erb within layouts/application (1.3ms)
Completed 200 OK in 72ms (Views: 67.8ms)


Started GET "/" for 127.0.0.1 at 2018-02-19 18:36:26 +0100
Processing by WelcomeController#index as HTML
  Rendering welcome/index.html.erb within layouts/application
  Rendered welcome/index.html.erb within layouts/application (2.7ms)
Completed 200 OK in 77ms (Views: 71.3ms)


Started GET "/" for 127.0.0.1 at 2018-02-19 18:37:01 +0100
Processing by WelcomeController#index as HTML
  Rendering welcome/index.html.erb within layouts/application
  Rendered welcome/index.html.erb within layouts/application (0.9ms)
Completed 200 OK in 30ms (Views: 26.9ms)


Started GET "/" for 127.0.0.1 at 2018-02-19 18:43:30 +0100
Processing by WelcomeController#index as HTML
  Rendering welcome/index.html.erb within layouts/application
  Rendered welcome/index.html.erb within layouts/application (0.9ms)
Completed 200 OK in 66ms (Views: 62.2ms)


Started GET "/" for 127.0.0.1 at 2018-02-19 18:43:47 +0100
Processing by WelcomeController#index as HTML
  Rendering welcome/index.html.erb within layouts/application
  Rendered welcome/index.html.erb within layouts/application (0.3ms)
Completed 200 OK in 38ms (Views: 37.2ms)


Started GET "/" for 127.0.0.1 at 2018-02-19 18:44:16 +0100
Processing by WelcomeController#index as HTML
  Rendering welcome/index.html.erb within layouts/application
  Rendered welcome/index.html.erb within layouts/application (1.7ms)
Completed 200 OK in 78ms (Views: 73.1ms)


Started GET "/" for 127.0.0.1 at 2018-02-19 18:44:32 +0100
Processing by WelcomeController#index as HTML
  Rendering welcome/index.html.erb within layouts/application
  Rendered welcome/index.html.erb within layouts/application (4.5ms)
Completed 200 OK in 59ms (Views: 54.1ms)


Started GET "/" for 127.0.0.1 at 2018-02-19 18:44:53 +0100
Processing by WelcomeController#index as HTML
  Rendering welcome/index.html.erb within layouts/application
  Rendered welcome/index.html.erb within layouts/application (1.4ms)
Completed 200 OK in 66ms (Views: 61.6ms)


Started GET "/" for 127.0.0.1 at 2018-02-19 18:45:01 +0100
Processing by WelcomeController#index as HTML
  Rendering welcome/index.html.erb within layouts/application
  Rendered welcome/index.html.erb within layouts/application (1.8ms)
Completed 200 OK in 114ms (Views: 107.3ms)


Started GET "/" for 127.0.0.1 at 2018-02-19 18:45:29 +0100
Processing by WelcomeController#index as HTML
  Rendering welcome/index.html.erb within layouts/application
  Rendered welcome/index.html.erb within layouts/application (1.7ms)
Completed 200 OK in 64ms (Views: 60.7ms)


Started GET "/" for 127.0.0.1 at 2018-02-19 18:45:48 +0100
Processing by WelcomeController#index as HTML
  Rendering welcome/index.html.erb within layouts/application
  Rendered welcome/index.html.erb within layouts/application (1.4ms)
Completed 200 OK in 77ms (Views: 70.9ms)


Started GET "/" for 127.0.0.1 at 2018-02-19 18:46:00 +0100
Processing by WelcomeController#index as HTML
  Rendering welcome/index.html.erb within layouts/application
  Rendered welcome/index.html.erb within layouts/application (1.6ms)
Completed 200 OK in 91ms (Views: 85.6ms)


Started GET "/" for 127.0.0.1 at 2018-02-19 18:47:03 +0100
Processing by WelcomeController#index as HTML
  Rendering welcome/index.html.erb within layouts/application
  Rendered welcome/index.html.erb within layouts/application (1.3ms)
Completed 200 OK in 83ms (Views: 77.7ms)


Started GET "/" for 127.0.0.1 at 2018-02-19 18:47:31 +0100
Processing by WelcomeController#index as HTML
  Rendering welcome/index.html.erb within layouts/application
  Rendered welcome/index.html.erb within layouts/application (2.0ms)
Completed 200 OK in 87ms (Views: 83.2ms)


Started GET "/" for 127.0.0.1 at 2018-02-19 18:49:05 +0100
Processing by WelcomeController#index as HTML
  Rendering welcome/index.html.erb within layouts/application
  Rendered welcome/index.html.erb within layouts/application (1.7ms)
Completed 200 OK in 106ms (Views: 98.1ms)


Started GET "/" for 127.0.0.1 at 2018-02-19 18:49:28 +0100
Processing by WelcomeController#index as HTML
  Rendering welcome/index.html.erb within layouts/application
  Rendered welcome/index.html.erb within layouts/application (1.6ms)
Completed 200 OK in 108ms (Views: 101.5ms)


Started GET "/" for 127.0.0.1 at 2018-02-19 18:49:33 +0100
Processing by WelcomeController#index as HTML
  Rendering welcome/index.html.erb within layouts/application
  Rendered welcome/index.html.erb within layouts/application (1.6ms)
Completed 200 OK in 86ms (Views: 77.6ms)


Started GET "/" for 127.0.0.1 at 2018-02-19 18:50:01 +0100
Processing by WelcomeController#index as HTML
  Rendering welcome/index.html.erb within layouts/application
  Rendered welcome/index.html.erb within layouts/application (1.3ms)
Completed 200 OK in 102ms (Views: 97.3ms)


Started GET "/" for 127.0.0.1 at 2018-02-19 18:50:17 +0100
Processing by WelcomeController#index as HTML
  Rendering welcome/index.html.erb within layouts/application
  Rendered welcome/index.html.erb within layouts/application (1.6ms)
Completed 200 OK in 99ms (Views: 94.7ms)


Started GET "/" for 127.0.0.1 at 2018-02-19 18:50:24 +0100
Processing by WelcomeController#index as HTML
  Rendering welcome/index.html.erb within layouts/application
  Rendered welcome/index.html.erb within layouts/application (1.4ms)
Completed 200 OK in 105ms (Views: 99.1ms)


Started GET "/" for 127.0.0.1 at 2018-02-19 18:50:35 +0100
Processing by WelcomeController#index as HTML
  Rendering welcome/index.html.erb within layouts/application
  Rendered welcome/index.html.erb within layouts/application (1.8ms)
Completed 200 OK in 100ms (Views: 93.6ms)


Started GET "/" for 127.0.0.1 at 2018-02-19 18:52:08 +0100
Processing by WelcomeController#index as HTML
  Rendering welcome/index.html.erb within layouts/application
  Rendered welcome/index.html.erb within layouts/application (1.7ms)
Completed 200 OK in 38ms (Views: 33.0ms)


Started GET "/" for 127.0.0.1 at 2018-02-19 18:52:59 +0100
Processing by WelcomeController#index as HTML
  Rendering welcome/index.html.erb within layouts/application
  Rendered welcome/index.html.erb within layouts/application (0.7ms)
Completed 200 OK in 34ms (Views: 31.0ms)


Started GET "/" for 127.0.0.1 at 2018-02-19 18:54:02 +0100
Processing by WelcomeController#index as HTML
  Rendering welcome/index.html.erb within layouts/application
  Rendered welcome/index.html.erb within layouts/application (1.1ms)
Completed 200 OK in 116ms (Views: 112.6ms)


Started GET "/" for 127.0.0.1 at 2018-02-19 18:55:18 +0100
Processing by WelcomeController#index as HTML
  Rendering welcome/index.html.erb within layouts/application
  Rendered welcome/index.html.erb within layouts/application (1.6ms)
Completed 200 OK in 82ms (Views: 76.5ms)


Started GET "/" for 127.0.0.1 at 2018-02-19 18:55:31 +0100
Processing by WelcomeController#index as HTML
  Rendering welcome/index.html.erb within layouts/application
  Rendered welcome/index.html.erb within layouts/application (1.4ms)
Completed 200 OK in 81ms (Views: 76.1ms)


Started GET "/" for 127.0.0.1 at 2018-02-19 18:55:58 +0100
Processing by WelcomeController#index as HTML
  Rendering welcome/index.html.erb within layouts/application
  Rendered welcome/index.html.erb within layouts/application (1.2ms)
Completed 200 OK in 29ms (Views: 27.9ms)


Started GET "/" for 127.0.0.1 at 2018-02-19 18:56:55 +0100
Processing by WelcomeController#index as HTML
  Rendering welcome/index.html.erb within layouts/application
  Rendered welcome/index.html.erb within layouts/application (1.6ms)
Completed 200 OK in 48ms (Views: 41.7ms)


Started GET "/" for 127.0.0.1 at 2018-02-19 18:57:34 +0100
Processing by WelcomeController#index as HTML
  Rendering welcome/index.html.erb within layouts/application
  Rendered welcome/index.html.erb within layouts/application (1.1ms)
Completed 200 OK in 39ms (Views: 33.9ms)


Started GET "/" for 127.0.0.1 at 2018-02-19 18:58:02 +0100
Processing by WelcomeController#index as HTML
  Rendering welcome/index.html.erb within layouts/application
  Rendered welcome/index.html.erb within layouts/application (1.3ms)
Completed 200 OK in 95ms (Views: 90.1ms)


Started GET "/" for 127.0.0.1 at 2018-02-19 18:58:30 +0100
Processing by WelcomeController#index as HTML
  Rendering welcome/index.html.erb within layouts/application
  Rendered welcome/index.html.erb within layouts/application (1.3ms)
Completed 200 OK in 111ms (Views: 106.0ms)


Started GET "/" for 127.0.0.1 at 2018-02-19 18:58:47 +0100
Processing by WelcomeController#index as HTML
  Rendering welcome/index.html.erb within layouts/application
  Rendered welcome/index.html.erb within layouts/application (1.2ms)
Completed 200 OK in 117ms (Views: 112.2ms)


Started GET "/" for 127.0.0.1 at 2018-02-19 18:59:07 +0100
Processing by WelcomeController#index as HTML
  Rendering welcome/index.html.erb within layouts/application
  Rendered welcome/index.html.erb within layouts/application (2.0ms)
Completed 200 OK in 109ms (Views: 105.0ms)


Started GET "/" for 127.0.0.1 at 2018-02-19 18:59:09 +0100
Processing by WelcomeController#index as HTML
  Rendering welcome/index.html.erb within layouts/application
  Rendered welcome/index.html.erb within layouts/application (0.7ms)
Completed 200 OK in 20ms (Views: 18.6ms)


Started GET "/" for 127.0.0.1 at 2018-02-19 18:59:14 +0100
Processing by WelcomeController#index as HTML
  Rendering welcome/index.html.erb within layouts/application
  Rendered welcome/index.html.erb within layouts/application (1.7ms)
Completed 200 OK in 92ms (Views: 84.0ms)


Started GET "/" for 127.0.0.1 at 2018-02-19 18:59:19 +0100
Processing by WelcomeController#index as HTML
  Rendering welcome/index.html.erb within layouts/application
  Rendered welcome/index.html.erb within layouts/application (1.8ms)
Completed 200 OK in 96ms (Views: 92.6ms)


Started GET "/" for 127.0.0.1 at 2018-02-19 18:59:26 +0100
Processing by WelcomeController#index as HTML
  Rendering welcome/index.html.erb within layouts/application
  Rendered welcome/index.html.erb within layouts/application (1.7ms)
Completed 200 OK in 105ms (Views: 101.0ms)


Started GET "/" for 127.0.0.1 at 2018-02-19 18:59:33 +0100
Processing by WelcomeController#index as HTML
  Rendering welcome/index.html.erb within layouts/application
  Rendered welcome/index.html.erb within layouts/application (1.2ms)
Completed 200 OK in 93ms (Views: 89.2ms)


Started GET "/" for 127.0.0.1 at 2018-02-19 18:59:42 +0100
Processing by WelcomeController#index as HTML
  Rendering welcome/index.html.erb within layouts/application
  Rendered welcome/index.html.erb within layouts/application (1.4ms)
Completed 200 OK in 130ms (Views: 124.0ms)


Started GET "/" for 127.0.0.1 at 2018-02-19 19:01:22 +0100
Processing by WelcomeController#index as HTML
  Rendering welcome/index.html.erb within layouts/application
  Rendered welcome/index.html.erb within layouts/application (1.2ms)
Completed 200 OK in 93ms (Views: 88.6ms)


Started GET "/" for 127.0.0.1 at 2018-02-19 19:01:50 +0100
Processing by WelcomeController#index as HTML
  Rendering welcome/index.html.erb within layouts/application
  Rendered welcome/index.html.erb within layouts/application (1.4ms)
Completed 200 OK in 80ms (Views: 75.4ms)


Started GET "/" for 127.0.0.1 at 2018-02-19 19:02:13 +0100
Processing by WelcomeController#index as HTML
  Rendering welcome/index.html.erb within layouts/application
  Rendered welcome/index.html.erb within layouts/application (0.3ms)
Completed 200 OK in 29ms (Views: 27.8ms)


Started GET "/" for 127.0.0.1 at 2018-02-19 19:02:28 +0100
Processing by WelcomeController#index as HTML
  Rendering welcome/index.html.erb within layouts/application
  Rendered welcome/index.html.erb within layouts/application (0.4ms)
Completed 200 OK in 31ms (Views: 28.9ms)


Started GET "/" for 127.0.0.1 at 2018-02-19 19:02:41 +0100
Processing by WelcomeController#index as HTML
  Rendering welcome/index.html.erb within layouts/application
  Rendered welcome/index.html.erb within layouts/application (1.7ms)
Completed 200 OK in 61ms (Views: 54.8ms)


Started GET "/" for 127.0.0.1 at 2018-02-19 19:02:48 +0100
Processing by WelcomeController#index as HTML
  Rendering welcome/index.html.erb within layouts/application
  Rendered welcome/index.html.erb within layouts/application (0.5ms)
Completed 200 OK in 39ms (Views: 36.8ms)


Started GET "/" for 127.0.0.1 at 2018-02-19 19:03:19 +0100
Processing by WelcomeController#index as HTML
  Rendering welcome/index.html.erb within layouts/application
  Rendered welcome/index.html.erb within layouts/application (0.4ms)
Completed 200 OK in 39ms (Views: 37.4ms)


Started GET "/" for 127.0.0.1 at 2018-02-19 19:03:29 +0100
Processing by WelcomeController#index as HTML
  Rendering welcome/index.html.erb within layouts/application
  Rendered welcome/index.html.erb within layouts/application (1.2ms)
Completed 200 OK in 91ms (Views: 86.3ms)


Started GET "/" for 127.0.0.1 at 2018-02-19 19:03:39 +0100
Processing by WelcomeController#index as HTML
  Rendering welcome/index.html.erb within layouts/application
  Rendered welcome/index.html.erb within layouts/application (0.7ms)
Completed 200 OK in 41ms (Views: 38.4ms)


Started GET "/" for 127.0.0.1 at 2018-02-19 19:03:58 +0100
Processing by WelcomeController#index as HTML
  Rendering welcome/index.html.erb within layouts/application
  Rendered welcome/index.html.erb within layouts/application (0.4ms)
Completed 200 OK in 40ms (Views: 38.1ms)


Started GET "/" for 127.0.0.1 at 2018-02-19 19:04:19 +0100
Processing by WelcomeController#index as HTML
  Rendering welcome/index.html.erb within layouts/application
  Rendered welcome/index.html.erb within layouts/application (1.6ms)
Completed 200 OK in 101ms (Views: 95.2ms)


Started GET "/" for 127.0.0.1 at 2018-02-19 19:04:53 +0100
Processing by WelcomeController#index as HTML
  Rendering welcome/index.html.erb within layouts/application
  Rendered welcome/index.html.erb within layouts/application (1.3ms)
Completed 200 OK in 85ms (Views: 80.2ms)


Started GET "/" for 127.0.0.1 at 2018-02-19 19:05:02 +0100
Processing by WelcomeController#index as HTML
  Rendering welcome/index.html.erb within layouts/application
  Rendered welcome/index.html.erb within layouts/application (1.4ms)
Completed 200 OK in 53ms (Views: 48.7ms)


Started GET "/" for 127.0.0.1 at 2018-02-19 19:11:36 +0100
Processing by WelcomeController#index as HTML
  Rendering welcome/index.html.erb within layouts/application
  Rendered welcome/index.html.erb within layouts/application (0.5ms)
Completed 200 OK in 83ms (Views: 81.7ms)


